<?xml version="1.0"?>
<TEST xmlns:nstest="urn:cips.ciak.uk">
  <OTHER>
    <OTHER>
      <OTHER>
        <NODE>1</NODE>
        <NODE>2</NODE>
      </OTHER>
      <NODE>3</NODE>
    </OTHER>
  </OTHER>
  <NODE>4
    <OTHER>
      <OTHER></OTHER>
    </OTHER>
    <NODE>5</NODE>
    <NODE>6</NODE>
  </NODE>
  <OTHER>
    <OTHER>
      <OTHER>
        <NODE>7</NODE>
        <NODE>8</NODE>
      </OTHER>
      <NODE>9</NODE>
    </OTHER>
  </OTHER>
  <NODE>
    <OTHER>
      <OTHER>
        <OTHER>
          <nstest:NODE>1</nstest:NODE>
          <nstest:NODE>2</nstest:NODE>
        </OTHER>
        <nstest:NODE>3</nstest:NODE>
      </OTHER>
    </OTHER>
    <nstest:NODE>4
      <OTHER>
        <OTHER></OTHER>
      </OTHER>
      <nstest:NODE>5</nstest:NODE>
      <nstest:NODE>6</nstest:NODE>
    </nstest:NODE>
    <OTHER>
      <OTHER>
        <OTHER>
          <nstest:NODE>7</nstest:NODE>
          <nstest:NODE>8</nstest:NODE>
        </OTHER>
        <nstest:NODE>9</nstest:NODE>
      </OTHER>
    </OTHER>
  </NODE>
</TEST>
