<?xml version="1.0" encoding="UTF-8" standalone="yes"?>
<!DOCTYPE TEST [
  <!ELEMENT TEST ANY>
  <!ELEMENT OTHER ANY>
  <!ELEMENT NODE ANY>
  <!ATTLIST NODE
    ITEM ID #REQUIRED
  >
]>
<TEST xmlns:tns="urn:test.tst">
  <OTHER>
    <OTHER>
      <OTHER>
        <NODE ITEM="0">zero</NODE>
        <tns:NODE ITEM="1">one</tns:NODE>
      </OTHER>
      <NODE ITEM="2">two</NODE>
    </OTHER>
  </OTHER>
  <tns:NODE ITEM="3">three
    <OTHER>
      <OTHER></OTHER>
    </OTHER>
    <NODE ITEM="4">four</NODE>
    <tns:NODE ITEM="5">five</tns:NODE>
  </tns:NODE>
  <OTHER>
    <OTHER>
      <OTHER>
        <NODE ITEM="6">six</NODE>
        <tns:NODE ITEM="7">seven</tns:NODE>
      </OTHER>
      <NODE ITEM="8">eight</NODE>
    </OTHER>
  </OTHER>
</TEST>
