<?xml version="1.0"?>
<!DOCTYPE TEST-DTD SYSTEM "test-dtd.dtd">
<TEST-DTD>
&FOO1;
</TEST-DTD>