<?xml version="1.0"?>
<TEST xmlns:tns="urn:test.tst">
  <NODE1>This is a test string</NODE1>
  <tns:NODE2>This is a node with a namespace</tns:NODE2>
  <NODE3 ATTR1="Hi" tns:ATTR1="Bye">This a attributed node</NODE3>
  <NODE4></NODE4>
  <NODE5></NODE5>
</TEST>